Arguments: 
  C:\Program Files\nodejs\node.exe C:\Users\현\AppData\Roaming\npm\node_modules\yarn\bin\yarn.js add @fontawesome/fontawesome-free

PATH: 
  C:\Users\현\bin;C:\Program Files\Git\mingw64\bin;C:\Program Files\Git\usr\local\bin;C:\Program Files\Git\usr\bin;C:\Program Files\Git\usr\bin;C:\Program Files\Git\mingw64\bin;C:\Program Files\Git\usr\bin;C:\Users\현\bin;C:\WINDOWS\system32;C:\WINDOWS;C:\WINDOWS\System32\Wbem;C:\WINDOWS\System32\WindowsPowerShell\v1.0;C:\WINDOWS\System32\OpenSSH;C:\Program Files\Microsoft\Web Platform Installer;C:\Program Files\Git\cmd;C:\Program Files\nodejs;C:\Users\현\AppData\Local\Microsoft\WindowsApps;C:\Users\현\AppData\Local\GitHubDesktop\bin;C:\Users\현\AppData\Local\Programs\Microsoft VS Code\bin;C:\Users\현\AppData\Roaming\npm;C:\Program Files\Git\usr\bin\vendor_perl;C:\Program Files\Git\usr\bin\core_perl

Yarn version: 
  1.22.11

Node version: 
  16.1.0

Platform: 
  win32 x64

Trace: 
  Error: https://registry.yarnpkg.com/@fontawesome%2ffontawesome-free: Not found
      at Request.params.callback [as _callback] (C:\Users\현\AppData\Roaming\npm\node_modules\yarn\lib\cli.js:66992:18)
      at Request.self.callback (C:\Users\현\AppData\Roaming\npm\node_modules\yarn\lib\cli.js:140763:22)
      at Request.emit (node:events:365:28)
      at Request.<anonymous> (C:\Users\현\AppData\Roaming\npm\node_modules\yarn\lib\cli.js:141735:10)
      at Request.emit (node:events:365:28)
      at IncomingMessage.<anonymous> (C:\Users\현\AppData\Roaming\npm\node_modules\yarn\lib\cli.js:141657:12)
      at Object.onceWrapper (node:events:471:28)
      at IncomingMessage.emit (node:events:377:35)
      at endReadableNT (node:internal/streams/readable:1312:12)
      at processTicksAndRejections (node:internal/process/task_queues:83:21)

npm manifest: 
  No manifest

yarn manifest: 
  No manifest

Lockfile: 
  No lockfile
